# JRE version: OpenJDK Runtime Environment Temurin-21.0.9+10 (21.0.9+10) (build 21.0.9+10-LTS)
# Java VM: OpenJDK 64-Bit Server VM Temurin-21.0.9+10 (21.0.9+10-LTS, mixed mode, sharing, tiered, compressed oops, compressed class ptrs, parallel gc, windows-amd64)
GC Precious Log:
 CardTable entry size: 512
 CPUs: 8 total, 8 available
 Memory: 16167M
 Large Page Support: Disabled
 NUMA Support: Disabled
 Compressed Oops: Enabled (32-bit)
 Alignments: Space 512K, Generation 512K, Heap 2M
 Heap Min Capacity: 100M
 Heap Initial Capacity: 100M
 Heap Max Capacity: 2G
 Pre-touch: Disabled
 Parallel Workers: 8
Heap:
 PSYoungGen      total 15872K, used 508K [0x00000000d5580000, 0x00000000d6980000, 0x0000000100000000)
  eden space 8704K, 2% used [0x00000000d5580000,0x00000000d55b7188,0x00000000d5e00000)
  from space 7168K, 4% used [0x00000000d6000000,0x00000000d6048000,0x00000000d6700000)
  to   space 2560K, 0% used [0x00000000d6700000,0x00000000d6700000,0x00000000d6980000)
 ParOldGen       total 424448K, used 424398K [0x0000000080000000, 0x0000000099e80000, 0x00000000d5580000)
  object space 424448K, 99% used [0x0000000080000000,0x0000000099e73b58,0x0000000099e80000)
 Metaspace       used 57823K, committed 59264K, reserved 1114112K
  class space    used 6746K, committed 7360K, reserved 1048576K
GC Heap History (20 events):
Event: 68.983 GC heap before
{Heap before GC invocations=262 (full 2):
 PSYoungGen      total 2048K, used 1055K [0x00000000d5580000, 0x00000000d5f80000, 0x0000000100000000)
  eden space 512K, 99% used [0x00000000d5580000,0x00000000d55fffc8,0x00000000d5600000)
  from space 1536K, 35% used [0x00000000d5c80000,0x00000000d5d08000,0x00000000d5e00000)
  to   space 1024K, 0% used [0x00000000d5e80000,0x00000000d5e80000,0x00000000d5f80000)
 ParOldGen       total 387072K, used 386752K [0x0000000080000000, 0x0000000097a00000, 0x00000000d5580000)
  object space 387072K, 99% used [0x0000000080000000,0x00000000979b01d0,0x0000000097a00000)
 Metaspace       used 57252K, committed 58560K, reserved 1114112K
  class space    used 6691K, committed 7232K, reserved 1048576K
}
Event: 68.989 GC heap after
{Heap after GC invocations=262 (full 2):
 PSYoungGen      total 1536K, used 672K [0x00000000d5580000, 0x00000000d5f80000, 0x0000000100000000)
  eden space 512K, 0% used [0x00000000d5580000,0x00000000d5580000,0x00000000d5600000)
  from space 1024K, 65% used [0x00000000d5e80000,0x00000000d5f28000,0x00000000d5f80000)
  to   space 1024K, 0% used [0x00000000d5d80000,0x00000000d5d80000,0x00000000d5e80000)
 ParOldGen       total 387584K, used 387219K [0x0000000080000000, 0x0000000097a80000, 0x00000000d5580000)
  object space 387584K, 99% used [0x0000000080000000,0x0000000097a24c48,0x0000000097a80000)
 Metaspace       used 57252K, committed 58560K, reserved 1114112K
  class space    used 6691K, committed 7232K, reserved 1048576K
}
Event: 69.016 GC heap before
{Heap before GC invocations=263 (full 2):
 PSYoungGen      total 1536K, used 1184K [0x00000000d5580000, 0x00000000d5f80000, 0x0000000100000000)
  eden space 512K, 100% used [0x00000000d5580000,0x00000000d5600000,0x00000000d5600000)
  from space 1024K, 65% used [0x00000000d5e80000,0x00000000d5f28000,0x00000000d5f80000)
  to   space 1024K, 0% used [0x00000000d5d80000,0x00000000d5d80000,0x00000000d5e80000)
 ParOldGen       total 387584K, used 387219K [0x0000000080000000, 0x0000000097a80000, 0x00000000d5580000)
  object space 387584K, 99% used [0x0000000080000000,0x0000000097a24c48,0x0000000097a80000)
 Metaspace       used 57252K, committed 58560K, reserved 1114112K
  class space    used 6691K, committed 7232K, reserved 1048576K
}
Event: 69.022 GC heap after
{Heap after GC invocations=263 (full 2):
 PSYoungGen      total 1536K, used 608K [0x00000000d5580000, 0x00000000d5f00000, 0x0000000100000000)
  eden space 512K, 0% used [0x00000000d5580000,0x00000000d5580000,0x00000000d5600000)
  from space 1024K, 59% used [0x00000000d5d80000,0x00000000d5e18000,0x00000000d5e80000)
  to   space 512K, 0% used [0x00000000d5e80000,0x00000000d5e80000,0x00000000d5f00000)
 ParOldGen       total 388096K, used 387761K [0x0000000080000000, 0x0000000097b00000, 0x00000000d5580000)
  object space 388096K, 99% used [0x0000000080000000,0x0000000097aac6b8,0x0000000097b00000)
 Metaspace       used 57252K, committed 58560K, reserved 1114112K
  class space    used 6691K, committed 7232K, reserved 1048576K
}
Event: 69.047 GC heap before
{Heap before GC invocations=264 (full 2):
 PSYoungGen      total 1536K, used 1120K [0x00000000d5580000, 0x00000000d5f00000, 0x0000000100000000)
  eden space 512K, 100% used [0x00000000d5580000,0x00000000d5600000,0x00000000d5600000)
  from space 1024K, 59% used [0x00000000d5d80000,0x00000000d5e18000,0x00000000d5e80000)
  to   space 512K, 0% used [0x00000000d5e80000,0x00000000d5e80000,0x00000000d5f00000)
 ParOldGen       total 388096K, used 387761K [0x0000000080000000, 0x0000000097b00000, 0x00000000d5580000)
  object space 388096K, 99% used [0x0000000080000000,0x0000000097aac6b8,0x0000000097b00000)
 Metaspace       used 57252K, committed 58560K, reserved 1114112K
  class space    used 6691K, committed 7232K, reserved 1048576K
}
Event: 69.053 GC heap after
{Heap after GC invocations=264 (full 2):
 PSYoungGen      total 9216K, used 416K [0x00000000d5580000, 0x00000000d5f00000, 0x0000000100000000)
  eden space 8704K, 0% used [0x00000000d5580000,0x00000000d5580000,0x00000000d5e00000)
  from space 512K, 81% used [0x00000000d5e80000,0x00000000d5ee8000,0x00000000d5f00000)
  to   space 512K, 0% used [0x00000000d5e00000,0x00000000d5e00000,0x00000000d5e80000)
 ParOldGen       total 388608K, used 388457K [0x0000000080000000, 0x0000000097b80000, 0x00000000d5580000)
  object space 388608K, 99% used [0x0000000080000000,0x0000000097b5a460,0x0000000097b80000)
 Metaspace       used 57252K, committed 58560K, reserved 1114112K
  class space    used 6691K, committed 7232K, reserved 1048576K
}
Event: 69.558 GC heap before
{Heap before GC invocations=265 (full 2):
 PSYoungGen      total 9216K, used 9120K [0x00000000d5580000, 0x00000000d5f00000, 0x0000000100000000)
  eden space 8704K, 100% used [0x00000000d5580000,0x00000000d5e00000,0x00000000d5e00000)
  from space 512K, 81% used [0x00000000d5e80000,0x00000000d5ee8000,0x00000000d5f00000)
  to   space 512K, 0% used [0x00000000d5e00000,0x00000000d5e00000,0x00000000d5e80000)
 ParOldGen       total 388608K, used 388457K [0x0000000080000000, 0x0000000097b80000, 0x00000000d5580000)
  object space 388608K, 99% used [0x0000000080000000,0x0000000097b5a460,0x0000000097b80000)
 Metaspace       used 57252K, committed 58560K, reserved 1114112K
  class space    used 6691K, committed 7232K, reserved 1048576K
}
Event: 69.583 GC heap after
{Heap after GC invocations=265 (full 2):
 PSYoungGen      total 9216K, used 496K [0x00000000d5580000, 0x00000000d7300000, 0x0000000100000000)
  eden space 8704K, 0% used [0x00000000d5580000,0x00000000d5580000,0x00000000d5e00000)
  from space 512K, 96% used [0x00000000d5e00000,0x00000000d5e7c000,0x00000000d5e80000)
  to   space 10752K, 0% used [0x00000000d6880000,0x00000000d6880000,0x00000000d7300000)
 ParOldGen       total 397312K, used 397023K [0x0000000080000000, 0x0000000098400000, 0x00000000d5580000)
  object space 397312K, 99% used [0x0000000080000000,0x00000000983b7d90,0x0000000098400000)
 Metaspace       used 57252K, committed 58560K, reserved 1114112K
  class space    used 6691K, committed 7232K, reserved 1048576K
}
Event: 70.214 GC heap before
{Heap before GC invocations=266 (full 2):
 PSYoungGen      total 9216K, used 9200K [0x00000000d5580000, 0x00000000d7300000, 0x0000000100000000)
  eden space 8704K, 100% used [0x00000000d5580000,0x00000000d5e00000,0x00000000d5e00000)
  from space 512K, 96% used [0x00000000d5e00000,0x00000000d5e7c000,0x00000000d5e80000)
  to   space 10752K, 0% used [0x00000000d6880000,0x00000000d6880000,0x00000000d7300000)
 ParOldGen       total 397312K, used 397023K [0x0000000080000000, 0x0000000098400000, 0x00000000d5580000)
  object space 397312K, 99% used [0x0000000080000000,0x00000000983b7d90,0x0000000098400000)
 Metaspace       used 57275K, committed 58624K, reserved 1114112K
  class space    used 6691K, committed 7232K, reserved 1048576K
}
Event: 70.233 GC heap after
{Heap after GC invocations=266 (full 2):
 PSYoungGen      total 16384K, used 7483K [0x00000000d5580000, 0x00000000d7000000, 0x0000000100000000)
  eden space 8704K, 0% used [0x00000000d5580000,0x00000000d5580000,0x00000000d5e00000)
  from space 7680K, 97% used [0x00000000d6880000,0x00000000d6fcec08,0x00000000d7000000)
  to   space 8192K, 0% used [0x00000000d6000000,0x00000000d6000000,0x00000000d6800000)
 ParOldGen       total 397824K, used 397542K [0x0000000080000000, 0x0000000098480000, 0x00000000d5580000)
  object space 397824K, 99% used [0x0000000080000000,0x0000000098439800,0x0000000098480000)
 Metaspace       used 57275K, committed 58624K, reserved 1114112K
  class space    used 6691K, committed 7232K, reserved 1048576K
}
Event: 72.275 GC heap before
{Heap before GC invocations=267 (full 2):
 PSYoungGen      total 16384K, used 16187K [0x00000000d5580000, 0x00000000d7000000, 0x0000000100000000)
  eden space 8704K, 100% used [0x00000000d5580000,0x00000000d5e00000,0x00000000d5e00000)
  from space 7680K, 97% used [0x00000000d6880000,0x00000000d6fcec08,0x00000000d7000000)
  to   space 8192K, 0% used [0x00000000d6000000,0x00000000d6000000,0x00000000d6800000)
 ParOldGen       total 397824K, used 397542K [0x0000000080000000, 0x0000000098480000, 0x00000000d5580000)
  object space 397824K, 99% used [0x0000000080000000,0x0000000098439800,0x0000000098480000)
 Metaspace       used 57300K, committed 58624K, reserved 1114112K
  class space    used 6694K, committed 7232K, reserved 1048576K
}
Event: 72.301 GC heap after
{Heap after GC invocations=267 (full 2):
 PSYoungGen      total 14336K, used 5464K [0x00000000d5580000, 0x00000000d6b00000, 0x0000000100000000)
  eden space 8704K, 0% used [0x00000000d5580000,0x00000000d5580000,0x00000000d5e00000)
  from space 5632K, 97% used [0x00000000d6000000,0x00000000d65560a0,0x00000000d6580000)
  to   space 5632K, 0% used [0x00000000d6580000,0x00000000d6580000,0x00000000d6b00000)
 ParOldGen       total 404480K, used 404327K [0x0000000080000000, 0x0000000098b00000, 0x00000000d5580000)
  object space 404480K, 99% used [0x0000000080000000,0x0000000098ad9d30,0x0000000098b00000)
 Metaspace       used 57300K, committed 58624K, reserved 1114112K
  class space    used 6694K, committed 7232K, reserved 1048576K
}
Event: 72.365 GC heap before
{Heap before GC invocations=268 (full 2):
 PSYoungGen      total 14336K, used 14168K [0x00000000d5580000, 0x00000000d6b00000, 0x0000000100000000)
  eden space 8704K, 100% used [0x00000000d5580000,0x00000000d5e00000,0x00000000d5e00000)
  from space 5632K, 97% used [0x00000000d6000000,0x00000000d65560a0,0x00000000d6580000)
  to   space 5632K, 0% used [0x00000000d6580000,0x00000000d6580000,0x00000000d6b00000)
 ParOldGen       total 404480K, used 404327K [0x0000000080000000, 0x0000000098b00000, 0x00000000d5580000)
  object space 404480K, 99% used [0x0000000080000000,0x0000000098ad9d30,0x0000000098b00000)
 Metaspace       used 57304K, committed 58624K, reserved 1114112K
  class space    used 6695K, committed 7232K, reserved 1048576K
}
Event: 72.383 GC heap after
{Heap after GC invocations=268 (full 2):
 PSYoungGen      total 12800K, used 4050K [0x00000000d5580000, 0x00000000d6980000, 0x0000000100000000)
  eden space 8704K, 0% used [0x00000000d5580000,0x00000000d5580000,0x00000000d5e00000)
  from space 4096K, 98% used [0x00000000d6580000,0x00000000d6974b90,0x00000000d6980000)
  to   space 5120K, 0% used [0x00000000d5f80000,0x00000000d5f80000,0x00000000d6480000)
 ParOldGen       total 410112K, used 409719K [0x0000000080000000, 0x0000000099080000, 0x00000000d5580000)
  object space 410112K, 99% used [0x0000000080000000,0x000000009901dd18,0x0000000099080000)
 Metaspace       used 57304K, committed 58624K, reserved 1114112K
  class space    used 6695K, committed 7232K, reserved 1048576K
}
Event: 72.519 GC heap before
{Heap before GC invocations=269 (full 2):
 PSYoungGen      total 12800K, used 12754K [0x00000000d5580000, 0x00000000d6980000, 0x0000000100000000)
  eden space 8704K, 100% used [0x00000000d5580000,0x00000000d5e00000,0x00000000d5e00000)
  from space 4096K, 98% used [0x00000000d6580000,0x00000000d6974b90,0x00000000d6980000)
  to   space 5120K, 0% used [0x00000000d5f80000,0x00000000d5f80000,0x00000000d6480000)
 ParOldGen       total 410112K, used 409719K [0x0000000080000000, 0x0000000099080000, 0x00000000d5580000)
  object space 410112K, 99% used [0x0000000080000000,0x000000009901dd18,0x0000000099080000)
 Metaspace       used 57327K, committed 58624K, reserved 1114112K
  class space    used 6695K, committed 7232K, reserved 1048576K
}
Event: 72.531 GC heap after
{Heap after GC invocations=269 (full 2):
 PSYoungGen      total 13824K, used 5108K [0x00000000d5580000, 0x00000000d7400000, 0x0000000100000000)
  eden space 8704K, 0% used [0x00000000d5580000,0x00000000d5580000,0x00000000d5e00000)
  from space 5120K, 99% used [0x00000000d5f80000,0x00000000d647d388,0x00000000d6480000)
  to   space 11264K, 0% used [0x00000000d6900000,0x00000000d6900000,0x00000000d7400000)
 ParOldGen       total 415232K, used 414771K [0x0000000080000000, 0x0000000099580000, 0x00000000d5580000)
  object space 415232K, 99% used [0x0000000080000000,0x000000009950cd98,0x0000000099580000)
 Metaspace       used 57327K, committed 58624K, reserved 1114112K
  class space    used 6695K, committed 7232K, reserved 1048576K
}
Event: 72.802 GC heap before
{Heap before GC invocations=270 (full 2):
 PSYoungGen      total 13824K, used 13812K [0x00000000d5580000, 0x00000000d7400000, 0x0000000100000000)
  eden space 8704K, 100% used [0x00000000d5580000,0x00000000d5e00000,0x00000000d5e00000)
  from space 5120K, 99% used [0x00000000d5f80000,0x00000000d647d388,0x00000000d6480000)
  to   space 11264K, 0% used [0x00000000d6900000,0x00000000d6900000,0x00000000d7400000)
 ParOldGen       total 415232K, used 414771K [0x0000000080000000, 0x0000000099580000, 0x00000000d5580000)
  object space 415232K, 99% used [0x0000000080000000,0x000000009950cd98,0x0000000099580000)
 Metaspace       used 57437K, committed 58816K, reserved 1114112K
  class space    used 6716K, committed 7296K, reserved 1048576K
}
Event: 72.822 GC heap after
{Heap after GC invocations=270 (full 2):
 PSYoungGen      total 13824K, used 4969K [0x00000000d5580000, 0x00000000d6e00000, 0x0000000100000000)
  eden space 8704K, 0% used [0x00000000d5580000,0x00000000d5580000,0x00000000d5e00000)
  from space 5120K, 97% used [0x00000000d6900000,0x00000000d6dda588,0x00000000d6e00000)
  to   space 7168K, 0% used [0x00000000d6000000,0x00000000d6000000,0x00000000d6700000)
 ParOldGen       total 419840K, used 419710K [0x0000000080000000, 0x0000000099a00000, 0x00000000d5580000)
  object space 419840K, 99% used [0x0000000080000000,0x00000000999dfa08,0x0000000099a00000)
 Metaspace       used 57437K, committed 58816K, reserved 1114112K
  class space    used 6716K, committed 7296K, reserved 1048576K
}
Event: 12912.066 GC heap before
{Heap before GC invocations=271 (full 2):
 PSYoungGen      total 13824K, used 13666K [0x00000000d5580000, 0x00000000d6e00000, 0x0000000100000000)
  eden space 8704K, 99% used [0x00000000d5580000,0x00000000d5dfe468,0x00000000d5e00000)
  from space 5120K, 97% used [0x00000000d6900000,0x00000000d6dda588,0x00000000d6e00000)
  to   space 7168K, 0% used [0x00000000d6000000,0x00000000d6000000,0x00000000d6700000)
 ParOldGen       total 419840K, used 419710K [0x0000000080000000, 0x0000000099a00000, 0x00000000d5580000)
  object space 419840K, 99% used [0x0000000080000000,0x00000000999dfa08,0x0000000099a00000)
 Metaspace       used 57823K, committed 59264K, reserved 1114112K
  class space    used 6746K, committed 7360K, reserved 1048576K
}
Event: 12912.208 GC heap after
{Heap after GC invocations=271 (full 2):
 PSYoungGen      total 15872K, used 288K [0x00000000d5580000, 0x00000000d6980000, 0x0000000100000000)
  eden space 8704K, 0% used [0x00000000d5580000,0x00000000d5580000,0x00000000d5e00000)
  from space 7168K, 4% used [0x00000000d6000000,0x00000000d6048000,0x00000000d6700000)
  to   space 2560K, 0% used [0x00000000d6700000,0x00000000d6700000,0x00000000d6980000)
 ParOldGen       total 424448K, used 424398K [0x0000000080000000, 0x0000000099e80000, 0x00000000d5580000)
  object space 424448K, 99% used [0x0000000080000000,0x0000000099e73b58,0x0000000099e80000)
 Metaspace       used 57823K, committed 59264K, reserved 1114112K
  class space    used 6746K, committed 7360K, reserved 1048576K
}

