# JRE version: OpenJDK Runtime Environment Temurin-21.0.9+10 (21.0.9+10) (build 21.0.9+10-LTS)
# Java VM: OpenJDK 64-Bit Server VM Temurin-21.0.9+10 (21.0.9+10-LTS, mixed mode, sharing, tiered, compressed oops, compressed class ptrs, parallel gc, windows-amd64)
GC Precious Log:
 CardTable entry size: 512
 CPUs: 8 total, 8 available
 Memory: 16167M
 Large Page Support: Disabled
 NUMA Support: Disabled
 Compressed Oops: Enabled (32-bit)
 Alignments: Space 512K, Generation 512K, Heap 2M
 Heap Min Capacity: 100M
 Heap Initial Capacity: 100M
 Heap Max Capacity: 2G
 Pre-touch: Disabled
 Parallel Workers: 8
Heap:
 PSYoungGen      total 23040K, used 14385K [0x00000000d5580000, 0x00000000d6f00000, 0x0000000100000000)
  eden space 20992K, 59% used [0x00000000d5580000,0x00000000d61b6318,0x00000000d6a00000)
  from space 2048K, 91% used [0x00000000d6d00000,0x00000000d6ed6200,0x00000000d6f00000)
  to   space 2048K, 0% used [0x00000000d6b00000,0x00000000d6b00000,0x00000000d6d00000)
 ParOldGen       total 68608K, used 53397K [0x0000000080000000, 0x0000000084300000, 0x00000000d5580000)
  object space 68608K, 77% used [0x0000000080000000,0x0000000083425538,0x0000000084300000)
 Metaspace       used 56894K, committed 58176K, reserved 1114112K
  class space    used 6666K, committed 7232K, reserved 1048576K
GC Heap History (20 events):
Event: 72.624 GC heap before
{Heap before GC invocations=25 (full 2):
 PSYoungGen      total 22528K, used 22208K [0x00000000d5580000, 0x00000000d6f80000, 0x0000000100000000)
  eden space 21504K, 100% used [0x00000000d5580000,0x00000000d6a80000,0x00000000d6a80000)
  from space 1024K, 68% used [0x00000000d6e80000,0x00000000d6f30000,0x00000000d6f80000)
  to   space 1024K, 0% used [0x00000000d6a80000,0x00000000d6a80000,0x00000000d6b80000)
 ParOldGen       total 68608K, used 35885K [0x0000000080000000, 0x0000000084300000, 0x00000000d5580000)
  object space 68608K, 52% used [0x0000000080000000,0x000000008230b720,0x0000000084300000)
 Metaspace       used 50573K, committed 51776K, reserved 1114112K
  class space    used 5761K, committed 6272K, reserved 1048576K
}
Event: 72.630 GC heap after
{Heap after GC invocations=25 (full 2):
 PSYoungGen      total 22528K, used 994K [0x00000000d5580000, 0x00000000d7480000, 0x0000000100000000)
  eden space 21504K, 0% used [0x00000000d5580000,0x00000000d5580000,0x00000000d6a80000)
  from space 1024K, 97% used [0x00000000d6a80000,0x00000000d6b78b80,0x00000000d6b80000)
  to   space 5120K, 0% used [0x00000000d6f80000,0x00000000d6f80000,0x00000000d7480000)
 ParOldGen       total 68608K, used 39329K [0x0000000080000000, 0x0000000084300000, 0x00000000d5580000)
  object space 68608K, 57% used [0x0000000080000000,0x0000000082668798,0x0000000084300000)
 Metaspace       used 50573K, committed 51776K, reserved 1114112K
  class space    used 5761K, committed 6272K, reserved 1048576K
}
Event: 75.122 GC heap before
{Heap before GC invocations=26 (full 2):
 PSYoungGen      total 22528K, used 22498K [0x00000000d5580000, 0x00000000d7480000, 0x0000000100000000)
  eden space 21504K, 100% used [0x00000000d5580000,0x00000000d6a80000,0x00000000d6a80000)
  from space 1024K, 97% used [0x00000000d6a80000,0x00000000d6b78b80,0x00000000d6b80000)
  to   space 5120K, 0% used [0x00000000d6f80000,0x00000000d6f80000,0x00000000d7480000)
 ParOldGen       total 68608K, used 39329K [0x0000000080000000, 0x0000000084300000, 0x00000000d5580000)
  object space 68608K, 57% used [0x0000000080000000,0x0000000082668798,0x0000000084300000)
 Metaspace       used 52203K, committed 53376K, reserved 1114112K
  class space    used 6068K, committed 6592K, reserved 1048576K
}
Event: 75.127 GC heap after
{Heap after GC invocations=26 (full 2):
 PSYoungGen      total 23040K, used 1056K [0x00000000d5580000, 0x00000000d7100000, 0x0000000100000000)
  eden space 21504K, 0% used [0x00000000d5580000,0x00000000d5580000,0x00000000d6a80000)
  from space 1536K, 68% used [0x00000000d6f80000,0x00000000d7088020,0x00000000d7100000)
  to   space 2560K, 0% used [0x00000000d6c00000,0x00000000d6c00000,0x00000000d6e80000)
 ParOldGen       total 68608K, used 40318K [0x0000000080000000, 0x0000000084300000, 0x00000000d5580000)
  object space 68608K, 58% used [0x0000000080000000,0x000000008275faf0,0x0000000084300000)
 Metaspace       used 52203K, committed 53376K, reserved 1114112K
  class space    used 6068K, committed 6592K, reserved 1048576K
}
Event: 78.612 GC heap before
{Heap before GC invocations=27 (full 2):
 PSYoungGen      total 23040K, used 22560K [0x00000000d5580000, 0x00000000d7100000, 0x0000000100000000)
  eden space 21504K, 100% used [0x00000000d5580000,0x00000000d6a80000,0x00000000d6a80000)
  from space 1536K, 68% used [0x00000000d6f80000,0x00000000d7088020,0x00000000d7100000)
  to   space 2560K, 0% used [0x00000000d6c00000,0x00000000d6c00000,0x00000000d6e80000)
 ParOldGen       total 68608K, used 40318K [0x0000000080000000, 0x0000000084300000, 0x00000000d5580000)
  object space 68608K, 58% used [0x0000000080000000,0x000000008275faf0,0x0000000084300000)
 Metaspace       used 54065K, committed 55296K, reserved 1114112K
  class space    used 6365K, committed 6912K, reserved 1048576K
}
Event: 78.620 GC heap after
{Heap after GC invocations=27 (full 2):
 PSYoungGen      total 24064K, used 2343K [0x00000000d5580000, 0x00000000d7080000, 0x0000000100000000)
  eden space 21504K, 0% used [0x00000000d5580000,0x00000000d5580000,0x00000000d6a80000)
  from space 2560K, 91% used [0x00000000d6c00000,0x00000000d6e49ff8,0x00000000d6e80000)
  to   space 2048K, 0% used [0x00000000d6e80000,0x00000000d6e80000,0x00000000d7080000)
 ParOldGen       total 68608K, used 41222K [0x0000000080000000, 0x0000000084300000, 0x00000000d5580000)
  object space 68608K, 60% used [0x0000000080000000,0x0000000082841b20,0x0000000084300000)
 Metaspace       used 54065K, committed 55296K, reserved 1114112K
  class space    used 6365K, committed 6912K, reserved 1048576K
}
Event: 80.865 GC heap before
{Heap before GC invocations=28 (full 2):
 PSYoungGen      total 24064K, used 23847K [0x00000000d5580000, 0x00000000d7080000, 0x0000000100000000)
  eden space 21504K, 100% used [0x00000000d5580000,0x00000000d6a80000,0x00000000d6a80000)
  from space 2560K, 91% used [0x00000000d6c00000,0x00000000d6e49ff8,0x00000000d6e80000)
  to   space 2048K, 0% used [0x00000000d6e80000,0x00000000d6e80000,0x00000000d7080000)
 ParOldGen       total 68608K, used 41222K [0x0000000080000000, 0x0000000084300000, 0x00000000d5580000)
  object space 68608K, 60% used [0x0000000080000000,0x0000000082841b20,0x0000000084300000)
 Metaspace       used 55517K, committed 56832K, reserved 1114112K
  class space    used 6493K, committed 7104K, reserved 1048576K
}
Event: 80.872 GC heap after
{Heap after GC invocations=28 (full 2):
 PSYoungGen      total 23552K, used 1648K [0x00000000d5580000, 0x00000000d7080000, 0x0000000100000000)
  eden space 21504K, 0% used [0x00000000d5580000,0x00000000d5580000,0x00000000d6a80000)
  from space 2048K, 80% used [0x00000000d6e80000,0x00000000d701c040,0x00000000d7080000)
  to   space 2048K, 0% used [0x00000000d6c80000,0x00000000d6c80000,0x00000000d6e80000)
 ParOldGen       total 68608K, used 41897K [0x0000000080000000, 0x0000000084300000, 0x00000000d5580000)
  object space 68608K, 61% used [0x0000000080000000,0x00000000828ea400,0x0000000084300000)
 Metaspace       used 55517K, committed 56832K, reserved 1114112K
  class space    used 6493K, committed 7104K, reserved 1048576K
}
Event: 81.779 GC heap before
{Heap before GC invocations=29 (full 2):
 PSYoungGen      total 23552K, used 23152K [0x00000000d5580000, 0x00000000d7080000, 0x0000000100000000)
  eden space 21504K, 100% used [0x00000000d5580000,0x00000000d6a80000,0x00000000d6a80000)
  from space 2048K, 80% used [0x00000000d6e80000,0x00000000d701c040,0x00000000d7080000)
  to   space 2048K, 0% used [0x00000000d6c80000,0x00000000d6c80000,0x00000000d6e80000)
 ParOldGen       total 68608K, used 41897K [0x0000000080000000, 0x0000000084300000, 0x00000000d5580000)
  object space 68608K, 61% used [0x0000000080000000,0x00000000828ea400,0x0000000084300000)
 Metaspace       used 55520K, committed 56832K, reserved 1114112K
  class space    used 6493K, committed 7104K, reserved 1048576K
}
Event: 81.789 GC heap after
{Heap after GC invocations=29 (full 2):
 PSYoungGen      total 23552K, used 1984K [0x00000000d5580000, 0x00000000d6f80000, 0x0000000100000000)
  eden space 21504K, 0% used [0x00000000d5580000,0x00000000d5580000,0x00000000d6a80000)
  from space 2048K, 96% used [0x00000000d6c80000,0x00000000d6e70010,0x00000000d6e80000)
  to   space 1024K, 0% used [0x00000000d6e80000,0x00000000d6e80000,0x00000000d6f80000)
 ParOldGen       total 68608K, used 43435K [0x0000000080000000, 0x0000000084300000, 0x00000000d5580000)
  object space 68608K, 63% used [0x0000000080000000,0x0000000082a6ac08,0x0000000084300000)
 Metaspace       used 55520K, committed 56832K, reserved 1114112K
  class space    used 6493K, committed 7104K, reserved 1048576K
}
Event: 82.533 GC heap before
{Heap before GC invocations=30 (full 2):
 PSYoungGen      total 23552K, used 23488K [0x00000000d5580000, 0x00000000d6f80000, 0x0000000100000000)
  eden space 21504K, 100% used [0x00000000d5580000,0x00000000d6a80000,0x00000000d6a80000)
  from space 2048K, 96% used [0x00000000d6c80000,0x00000000d6e70010,0x00000000d6e80000)
  to   space 1024K, 0% used [0x00000000d6e80000,0x00000000d6e80000,0x00000000d6f80000)
 ParOldGen       total 68608K, used 43435K [0x0000000080000000, 0x0000000084300000, 0x00000000d5580000)
  object space 68608K, 63% used [0x0000000080000000,0x0000000082a6ac08,0x0000000084300000)
 Metaspace       used 55915K, committed 57280K, reserved 1114112K
  class space    used 6551K, committed 7168K, reserved 1048576K
}
Event: 82.549 GC heap after
{Heap after GC invocations=30 (full 2):
 PSYoungGen      total 22016K, used 994K [0x00000000d5580000, 0x00000000d7380000, 0x0000000100000000)
  eden space 20992K, 0% used [0x00000000d5580000,0x00000000d5580000,0x00000000d6a00000)
  from space 1024K, 97% used [0x00000000d6e80000,0x00000000d6f78800,0x00000000d6f80000)
  to   space 4608K, 0% used [0x00000000d6a00000,0x00000000d6a00000,0x00000000d6e80000)
 ParOldGen       total 68608K, used 46579K [0x0000000080000000, 0x0000000084300000, 0x00000000d5580000)
  object space 68608K, 67% used [0x0000000080000000,0x0000000082d7cc28,0x0000000084300000)
 Metaspace       used 55915K, committed 57280K, reserved 1114112K
  class space    used 6551K, committed 7168K, reserved 1048576K
}
Event: 82.993 GC heap before
{Heap before GC invocations=31 (full 2):
 PSYoungGen      total 22016K, used 21986K [0x00000000d5580000, 0x00000000d7380000, 0x0000000100000000)
  eden space 20992K, 100% used [0x00000000d5580000,0x00000000d6a00000,0x00000000d6a00000)
  from space 1024K, 97% used [0x00000000d6e80000,0x00000000d6f78800,0x00000000d6f80000)
  to   space 4608K, 0% used [0x00000000d6a00000,0x00000000d6a00000,0x00000000d6e80000)
 ParOldGen       total 68608K, used 46579K [0x0000000080000000, 0x0000000084300000, 0x00000000d5580000)
  object space 68608K, 67% used [0x0000000080000000,0x0000000082d7cc28,0x0000000084300000)
 Metaspace       used 55932K, committed 57280K, reserved 1114112K
  class space    used 6551K, committed 7168K, reserved 1048576K
}
Event: 83.000 GC heap after
{Heap after GC invocations=31 (full 2):
 PSYoungGen      total 23040K, used 2048K [0x00000000d5580000, 0x00000000d7000000, 0x0000000100000000)
  eden space 20992K, 0% used [0x00000000d5580000,0x00000000d5580000,0x00000000d6a00000)
  from space 2048K, 100% used [0x00000000d6a00000,0x00000000d6c00000,0x00000000d6c00000)
  to   space 3072K, 0% used [0x00000000d6d00000,0x00000000d6d00000,0x00000000d7000000)
 ParOldGen       total 68608K, used 47553K [0x0000000080000000, 0x0000000084300000, 0x00000000d5580000)
  object space 68608K, 69% used [0x0000000080000000,0x0000000082e70550,0x0000000084300000)
 Metaspace       used 55932K, committed 57280K, reserved 1114112K
  class space    used 6551K, committed 7168K, reserved 1048576K
}
Event: 83.672 GC heap before
{Heap before GC invocations=32 (full 2):
 PSYoungGen      total 23040K, used 23040K [0x00000000d5580000, 0x00000000d7000000, 0x0000000100000000)
  eden space 20992K, 100% used [0x00000000d5580000,0x00000000d6a00000,0x00000000d6a00000)
  from space 2048K, 100% used [0x00000000d6a00000,0x00000000d6c00000,0x00000000d6c00000)
  to   space 3072K, 0% used [0x00000000d6d00000,0x00000000d6d00000,0x00000000d7000000)
 ParOldGen       total 68608K, used 47553K [0x0000000080000000, 0x0000000084300000, 0x00000000d5580000)
  object space 68608K, 69% used [0x0000000080000000,0x0000000082e70550,0x0000000084300000)
 Metaspace       used 55939K, committed 57280K, reserved 1114112K
  class space    used 6551K, committed 7168K, reserved 1048576K
}
Event: 83.683 GC heap after
{Heap after GC invocations=32 (full 2):
 PSYoungGen      total 23552K, used 2084K [0x00000000d5580000, 0x00000000d6f80000, 0x0000000100000000)
  eden space 20992K, 0% used [0x00000000d5580000,0x00000000d5580000,0x00000000d6a00000)
  from space 2560K, 81% used [0x00000000d6d00000,0x00000000d6f09000,0x00000000d6f80000)
  to   space 2560K, 0% used [0x00000000d6a80000,0x00000000d6a80000,0x00000000d6d00000)
 ParOldGen       total 68608K, used 49447K [0x0000000080000000, 0x0000000084300000, 0x00000000d5580000)
  object space 68608K, 72% used [0x0000000080000000,0x0000000083049f00,0x0000000084300000)
 Metaspace       used 55939K, committed 57280K, reserved 1114112K
  class space    used 6551K, committed 7168K, reserved 1048576K
}
Event: 84.804 GC heap before
{Heap before GC invocations=33 (full 2):
 PSYoungGen      total 23552K, used 23076K [0x00000000d5580000, 0x00000000d6f80000, 0x0000000100000000)
  eden space 20992K, 100% used [0x00000000d5580000,0x00000000d6a00000,0x00000000d6a00000)
  from space 2560K, 81% used [0x00000000d6d00000,0x00000000d6f09000,0x00000000d6f80000)
  to   space 2560K, 0% used [0x00000000d6a80000,0x00000000d6a80000,0x00000000d6d00000)
 ParOldGen       total 68608K, used 49447K [0x0000000080000000, 0x0000000084300000, 0x00000000d5580000)
  object space 68608K, 72% used [0x0000000080000000,0x0000000083049f00,0x0000000084300000)
 Metaspace       used 55987K, committed 57280K, reserved 1114112K
  class space    used 6554K, committed 7168K, reserved 1048576K
}
Event: 84.814 GC heap after
{Heap after GC invocations=33 (full 2):
 PSYoungGen      total 23552K, used 2176K [0x00000000d5580000, 0x00000000d6f00000, 0x0000000100000000)
  eden space 20992K, 0% used [0x00000000d5580000,0x00000000d5580000,0x00000000d6a00000)
  from space 2560K, 85% used [0x00000000d6a80000,0x00000000d6ca0010,0x00000000d6d00000)
  to   space 2048K, 0% used [0x00000000d6d00000,0x00000000d6d00000,0x00000000d6f00000)
 ParOldGen       total 68608K, used 51381K [0x0000000080000000, 0x0000000084300000, 0x00000000d5580000)
  object space 68608K, 74% used [0x0000000080000000,0x000000008322d528,0x0000000084300000)
 Metaspace       used 55987K, committed 57280K, reserved 1114112K
  class space    used 6554K, committed 7168K, reserved 1048576K
}
Event: 85.177 GC heap before
{Heap before GC invocations=34 (full 2):
 PSYoungGen      total 23552K, used 23168K [0x00000000d5580000, 0x00000000d6f00000, 0x0000000100000000)
  eden space 20992K, 100% used [0x00000000d5580000,0x00000000d6a00000,0x00000000d6a00000)
  from space 2560K, 85% used [0x00000000d6a80000,0x00000000d6ca0010,0x00000000d6d00000)
  to   space 2048K, 0% used [0x00000000d6d00000,0x00000000d6d00000,0x00000000d6f00000)
 ParOldGen       total 68608K, used 51381K [0x0000000080000000, 0x0000000084300000, 0x00000000d5580000)
  object space 68608K, 74% used [0x0000000080000000,0x000000008322d528,0x0000000084300000)
 Metaspace       used 56002K, committed 57280K, reserved 1114112K
  class space    used 6554K, committed 7168K, reserved 1048576K
}
Event: 85.188 GC heap after
{Heap after GC invocations=34 (full 2):
 PSYoungGen      total 23040K, used 1880K [0x00000000d5580000, 0x00000000d6f00000, 0x0000000100000000)
  eden space 20992K, 0% used [0x00000000d5580000,0x00000000d5580000,0x00000000d6a00000)
  from space 2048K, 91% used [0x00000000d6d00000,0x00000000d6ed6200,0x00000000d6f00000)
  to   space 2048K, 0% used [0x00000000d6b00000,0x00000000d6b00000,0x00000000d6d00000)
 ParOldGen       total 68608K, used 53397K [0x0000000080000000, 0x0000000084300000, 0x00000000d5580000)
  object space 68608K, 77% used [0x0000000080000000,0x0000000083425538,0x0000000084300000)
 Metaspace       used 56002K, committed 57280K, reserved 1114112K
  class space    used 6554K, committed 7168K, reserved 1048576K
}

